<?xml version="1.0" encoding="UTF-8" standalone="yes"?><!DOCTYPE report PUBLIC "-//JACOCO//DTD Report 1.0//EN" "report.dtd"><report name="vending-machine"><sessioninfo id="CDSC02NJLNUG3QJ.local-a6301eef" start="1440541379455" dump="1440541381893"/><sessioninfo id="CDSC02NJLNUG3QJ.local-dc9a5e3f" start="1440542399352" dump="1440542401755"/><sessioninfo id="CDSC02NJLNUG3QJ.local-5457bc4a" start="1440543031102" dump="1440543033583"/><sessioninfo id="CDSC02NJLNUG3QJ.local-5ed818d4" start="1440544928409" dump="1440544930301"/><sessioninfo id="CDSC02NJLNUG3QJ.local-4f4b5163" start="1440544963878" dump="1440544965773"/><sessioninfo id="CDSC02NJLNUG3QJ.local-1c453b5" start="1440544992987" dump="1440544994876"/><sessioninfo id="CDSC02NJLNUG3QJ.local-74b9315b" start="1440545024210" dump="1440545026184"/><sessioninfo id="CDSC02NJLNUG3QJ.local-1a016fd0" start="1440545129655" dump="1440545132151"/><sessioninfo id="CDSC02NJLNUG3QJ.local-41614d96" start="1440545175430" dump="1440545177401"/><sessioninfo id="CDSC02NJLNUG3QJ.local-ce98b57" start="1440607931849" dump="1440607934494"/><sessioninfo id="CDSC02NJLNUG3QJ.local-452d82cb" start="1440607992293" dump="1440607994013"/><sessioninfo id="CDSC02NJLNUG3QJ.local-4a19493e" start="1440608110806" dump="1440608113074"/><package name="katas/vending"><class name="katas/vending/VendingMachine"><method name="&lt;init&gt;" desc="(Lkatas/vending/VendingMachineHardware;)V" line="7"><counter type="INSTRUCTION" missed="0" covered="6"/><counter type="LINE" missed="0" covered="3"/><counter type="COMPLEXITY" missed="0" covered="1"/><counter type="METHOD" missed="0" covered="1"/></method><method name="stock" desc="(Lkatas/vending/Product;I)V" line="15"><counter type="INSTRUCTION" missed="0" covered="1"/><counter type="LINE" missed="0" covered="1"/><counter type="COMPLEXITY" missed="0" covered="1"/><counter type="METHOD" missed="0" covered="1"/></method><method name="insert" desc="(Lkatas/vending/Coin;)V" line="21"><counter type="INSTRUCTION" missed="1" covered="0"/><counter type="LINE" missed="1" covered="0"/><counter type="COMPLEXITY" missed="1" covered="0"/><counter type="METHOD" missed="1" covered="0"/></method><method name="purchase" desc="(Lkatas/vending/Product;)V" line="32"><counter type="INSTRUCTION" missed="0" covered="1"/><counter type="LINE" missed="0" covered="1"/><counter type="COMPLEXITY" missed="0" covered="1"/><counter type="METHOD" missed="0" covered="1"/></method><counter type="INSTRUCTION" missed="1" covered="8"/><counter type="LINE" missed="1" covered="5"/><counter type="COMPLEXITY" missed="1" covered="3"/><counter type="METHOD" missed="1" covered="3"/><counter type="CLASS" missed="0" covered="1"/></class><sourcefile name="VendingMachine.java"><line nr="7" mi="0" ci="2" mb="0" cb="0"/><line nr="8" mi="0" ci="3" mb="0" cb="0"/><line nr="9" mi="0" ci="1" mb="0" cb="0"/><line nr="15" mi="0" ci="1" mb="0" cb="0"/><line nr="21" mi="1" ci="0" mb="0" cb="0"/><line nr="32" mi="0" ci="1" mb="0" cb="0"/><counter type="INSTRUCTION" missed="1" covered="8"/><counter type="LINE" missed="1" covered="5"/><counter type="COMPLEXITY" missed="1" covered="3"/><counter type="METHOD" missed="1" covered="3"/><counter type="CLASS" missed="0" covered="1"/></sourcefile><counter type="INSTRUCTION" missed="1" covered="8"/><counter type="LINE" missed="1" covered="5"/><counter type="COMPLEXITY" missed="1" covered="3"/><counter type="METHOD" missed="1" covered="3"/><counter type="CLASS" missed="0" covered="1"/></package><counter type="INSTRUCTION" missed="1" covered="8"/><counter type="LINE" missed="1" covered="5"/><counter type="COMPLEXITY" missed="1" covered="3"/><counter type="METHOD" missed="1" covered="3"/><counter type="CLASS" missed="0" covered="1"/></report>