<?xml version='1.0' encoding='UTF-8'?>
<testsuite hostname="cds-russel" name="org.ftts.ClassSpec" tests="20" errors="0" failures="0" time="0.027">
                     <properties>
[...]
</properties>
                     <testcase classname="org.ftts.ClassSpec" name="Scala classes are defined with class keyword" time="0.0">
                                                 
                                               </testcase><testcase classname="org.ftts.ClassSpec" name="Scala classes are instantiated with the new keyword" time="0.001">
                                                 
                                               </testcase><testcase classname="org.ftts.ClassSpec" name="Scala classes can have class parameters" time="0.001">
                                                 
                                               </testcase><testcase classname="org.ftts.ClassSpec" name="Scala classes can have auxillary constructors" time="0.005">
                                                 
                                               </testcase><testcase classname="org.ftts.ClassSpec" name="Scala classes can contain immutable fields" time="0.001">
                                                 
                                               </testcase><testcase classname="org.ftts.ClassSpec" name="Scala classes can contain mutable fields" time="0.001">
                                                 
                                               </testcase><testcase classname="org.ftts.ClassSpec" name="Scala classes can promote class parameters to immutable fields" time="0.001">
                                                 
                                               </testcase><testcase classname="org.ftts.ClassSpec" name="Scala classes can have methods defined with the def keyword which are public by default" time="0.001">
                                                 
                                               </testcase><testcase classname="org.ftts.ClassSpec" name="Scala classes can have methods defined with the def keyword which can have a parameter list" time="0.001">
                                                 
                                               </testcase><testcase classname="org.ftts.ClassSpec" name="Scala classes can have methods defined with the def keyword which can have a symbolic name" time="0.001">
                                                 
                                               </testcase><testcase classname="org.ftts.ClassSpec" name="Scala classes can have methods defined with the def keyword which can have default values" time="0.001">
                                                 
                                               </testcase><testcase classname="org.ftts.ClassSpec" name="Scala classes can have methods defined with the def keyword which can be private" time="0.001">
                                                 
                                               </testcase><testcase classname="org.ftts.ClassSpec" name="Scala classes can have methods defined with the def keyword are brought into scope with import for a single member" time="0.002">
                                                 
                                               </testcase><testcase classname="org.ftts.ClassSpec" name="Scala classes can have methods defined with the def keyword are brought into scope with import for multiple members from a single package" time="0.001">
                                                 
                                               </testcase><testcase classname="org.ftts.ClassSpec" name="Scala classes can have methods defined with the def keyword are brought into scope with import which can rename member" time="0.001">
                                                 
                                               </testcase><testcase classname="org.ftts.ClassSpec" name="Scala classes can have methods defined with the def keyword are brought into scope with import for all the members in a package" time="0.001">
                                                 
                                               </testcase><testcase classname="org.ftts.ClassSpec" name="Scala classes can have methods defined with the def keyword are brought into scope with import which can also bring instnce members into scope" time="0.001">
                                                 
                                               </testcase><testcase classname="org.ftts.ClassSpec" name="Scala singelton objects are defined with the object keyword" time="0.0">
                                                 
                                               </testcase><testcase classname="org.ftts.ClassSpec" name="Scala singelton objects can contain methods and fields" time="0.002">
                                                 
                                               </testcase><testcase classname="org.ftts.ClassSpec" name="Scala singelton objects include Predef, whose members are automatically imported" time="0.004">
                                                 
                                               </testcase>
                     <system-out></system-out>
                     <system-err></system-err>
                   </testsuite>