<?xml version="1.0" encoding="UTF-8" standalone="yes"?><!DOCTYPE report PUBLIC "-//JACOCO//DTD Report 1.0//EN" "report.dtd"><report name="diamond"><sessioninfo id="CDSC02NJLNUG3QJ.local-af690ee3" start="1440536117701" dump="1440536119234"/><sessioninfo id="CDSC02NJLNUG3QJ.local-5fe82b9f" start="1440538789699" dump="1440538791508"/><sessioninfo id="CDSC02NJLNUG3QJ.local-2242cbe2" start="1440538813904" dump="1440538815958"/><sessioninfo id="CDSC02NJLNUG3QJ.local-2f5a1854" start="1440538885723" dump="1440538887653"/><sessioninfo id="CDSC02NJLNUG3QJ.local-a801fc0e" start="1440538982797" dump="1440538985288"/><sessioninfo id="CDSC02NJLNUG3QJ.local-455209f8" start="1440539104539" dump="1440539106333"/><sessioninfo id="CDSC02NJLNUG3QJ.local-e764f7cd" start="1440539149654" dump="1440539151427"/><sessioninfo id="CDSC02NJLNUG3QJ.local-ce4504cf" start="1440539298872" dump="1440539301193"/><sessioninfo id="CDSC02NJLNUG3QJ.local-ab3a808b" start="1440539482510" dump="1440539484476"/><sessioninfo id="CDSC02NJLNUG3QJ.local-b0124239" start="1440539588106" dump="1440539590416"/><sessioninfo id="CDSC02NJLNUG3QJ.local-a5be15a8" start="1440539756699" dump="1440539759306"/><sessioninfo id="CDSC02NJLNUG3QJ.local-f5ed77b4" start="1440539902644" dump="1440539905163"/><sessioninfo id="CDSC02NJLNUG3QJ.local-8738d9c7" start="1440540353650" dump="1440540356078"/><package name="katas/diamond"><class name="katas/diamond/Diamond"><method name="&lt;init&gt;" desc="()V" line="5"><counter type="INSTRUCTION" missed="0" covered="3"/><counter type="LINE" missed="0" covered="1"/><counter type="COMPLEXITY" missed="0" covered="1"/><counter type="METHOD" missed="0" covered="1"/></method><method name="apply" desc="(Ljava/lang/Character;)Ljava/util/List;" line="7"><counter type="INSTRUCTION" missed="0" covered="2"/><counter type="LINE" missed="0" covered="1"/><counter type="COMPLEXITY" missed="0" covered="1"/><counter type="METHOD" missed="0" covered="1"/></method><counter type="INSTRUCTION" missed="0" covered="5"/><counter type="LINE" missed="0" covered="2"/><counter type="COMPLEXITY" missed="0" covered="2"/><counter type="METHOD" missed="0" covered="2"/><counter type="CLASS" missed="0" covered="1"/></class><sourcefile name="Diamond.java"><line nr="5" mi="0" ci="3" mb="0" cb="0"/><line nr="7" mi="0" ci="2" mb="0" cb="0"/><counter type="INSTRUCTION" missed="0" covered="5"/><counter type="LINE" missed="0" covered="2"/><counter type="COMPLEXITY" missed="0" covered="2"/><counter type="METHOD" missed="0" covered="2"/><counter type="CLASS" missed="0" covered="1"/></sourcefile><counter type="INSTRUCTION" missed="0" covered="5"/><counter type="LINE" missed="0" covered="2"/><counter type="COMPLEXITY" missed="0" covered="2"/><counter type="METHOD" missed="0" covered="2"/><counter type="CLASS" missed="0" covered="1"/></package><counter type="INSTRUCTION" missed="0" covered="5"/><counter type="LINE" missed="0" covered="2"/><counter type="COMPLEXITY" missed="0" covered="2"/><counter type="METHOD" missed="0" covered="2"/><counter type="CLASS" missed="0" covered="1"/></report>