<?xml version="1.0" encoding="UTF-8" standalone="yes"?><!DOCTYPE report PUBLIC "-//JACOCO//DTD Report 1.0//EN" "report.dtd"><report name="anagrams"><sessioninfo id="CDSC02NJLNUG3QJ.local-f0bf7172" start="1440536104376" dump="1440536106528"/><sessioninfo id="CDSC02NJLNUG3QJ.local-7340c8b5" start="1440536999801" dump="1440537002402"/><sessioninfo id="CDSC02NJLNUG3QJ.local-4536ede9" start="1440537060684" dump="1440537063386"/><sessioninfo id="CDSC02NJLNUG3QJ.local-f9eb8689" start="1440537641108" dump="1440537643363"/><sessioninfo id="CDSC02NJLNUG3QJ.local-ea4059a3" start="1440537650716" dump="1440537652457"/><sessioninfo id="CDSC02NJLNUG3QJ.local-d26e58d2" start="1440537864914" dump="1440537867408"/><sessioninfo id="CDSC02NJLNUG3QJ.local-bcec5e98" start="1440537887505" dump="1440537889213"/><sessioninfo id="CDSC02NJLNUG3QJ.local-e0444f19" start="1440538158131" dump="1440538160626"/><sessioninfo id="CDSC02NJLNUG3QJ.local-c720b7fc" start="1440538178374" dump="1440538180195"/><sessioninfo id="CDSC02NJLNUG3QJ.local-5d8467cd" start="1440538283928" dump="1440538286306"/><sessioninfo id="CDSC02NJLNUG3QJ.local-e3fee597" start="1440538303477" dump="1440538305190"/><sessioninfo id="CDSC02NJLNUG3QJ.local-a3a5a93" start="1440538558518" dump="1440538561171"/><sessioninfo id="CDSC02NJLNUG3QJ.local-849787d2" start="1440538576021" dump="1440538577852"/><sessioninfo id="CDSC02NJLNUG3QJ.local-9ff7153f" start="1440538636143" dump="1440538638125"/><sessioninfo id="CDSC02NJLNUG3QJ.local-f9f51444" start="1440538685273" dump="1440538687766"/><package name="katas/anagrams"><class name="katas/anagrams/Anagrams"><method name="&lt;init&gt;" desc="()V" line="5"><counter type="INSTRUCTION" missed="0" covered="3"/><counter type="LINE" missed="0" covered="1"/><counter type="COMPLEXITY" missed="0" covered="1"/><counter type="METHOD" missed="0" covered="1"/></method><method name="apply" desc="(Ljava/lang/String;)Ljava/util/Set;" line="7"><counter type="INSTRUCTION" missed="0" covered="2"/><counter type="LINE" missed="0" covered="1"/><counter type="COMPLEXITY" missed="0" covered="1"/><counter type="METHOD" missed="0" covered="1"/></method><counter type="INSTRUCTION" missed="0" covered="5"/><counter type="LINE" missed="0" covered="2"/><counter type="COMPLEXITY" missed="0" covered="2"/><counter type="METHOD" missed="0" covered="2"/><counter type="CLASS" missed="0" covered="1"/></class><sourcefile name="Anagrams.java"><line nr="5" mi="0" ci="3" mb="0" cb="0"/><line nr="7" mi="0" ci="2" mb="0" cb="0"/><counter type="INSTRUCTION" missed="0" covered="5"/><counter type="LINE" missed="0" covered="2"/><counter type="COMPLEXITY" missed="0" covered="2"/><counter type="METHOD" missed="0" covered="2"/><counter type="CLASS" missed="0" covered="1"/></sourcefile><counter type="INSTRUCTION" missed="0" covered="5"/><counter type="LINE" missed="0" covered="2"/><counter type="COMPLEXITY" missed="0" covered="2"/><counter type="METHOD" missed="0" covered="2"/><counter type="CLASS" missed="0" covered="1"/></package><counter type="INSTRUCTION" missed="0" covered="5"/><counter type="LINE" missed="0" covered="2"/><counter type="COMPLEXITY" missed="0" covered="2"/><counter type="METHOD" missed="0" covered="2"/><counter type="CLASS" missed="0" covered="1"/></report>